[03:58:35] [ServerMain/INFO]: Environment: authHost='https://authserver.mojang.com', accountsHost='https://api.mojang.com', sessionHost='https://sessionserver.mojang.com', servicesHost='https://api.minecraftservices.com', name='PROD'
[03:58:37] [ServerMain/INFO]: Loaded 7 recipes
[03:58:37] [Server thread/INFO]: Starting minecraft server version 1.20.1
[03:58:37] [Server thread/INFO]: Loading properties
[03:58:37] [Server thread/INFO]: This server is running Paper version git-Paper-196 (MC: 1.20.1) (Implementing API version 1.20.1-R0.1-SNAPSHOT) (Git: 773dd72)
[03:58:38] [Server thread/INFO]: Server Ping Player Sample Count: 12
[03:58:38] [Server thread/INFO]: Using 4 threads for Netty based IO
[03:58:38] [Server thread/WARN]: [!] The timings profiler has been enabled but has been scheduled for removal from Paper in the future.
    We recommend installing the spark profiler as a replacement: https://spark.lucko.me/
    For more information please visit: https://github.com/PaperMC/Paper/issues/8948
[03:58:38] [Server thread/INFO]: [ChunkTaskScheduler] Chunk system is using 1 I/O threads, 1 worker threads, and gen parallelism of 1 threads
[03:58:39] [Server thread/INFO]: Default game type: SURVIVAL
[03:58:39] [Server thread/INFO]: Generating keypair
[03:58:39] [Server thread/INFO]: Starting Minecraft server on 172.16.5.255:25565
[03:58:39] [Server thread/INFO]: Using epoll channel type
[03:58:39] [Server thread/INFO]: Paper: Using libdeflate (Linux x86_64) compression from Velocity.
[03:58:39] [Server thread/INFO]: Paper: Using OpenSSL 1.1.x (Linux x86_64) cipher from Velocity.
[03:58:39] [Server thread/INFO]: Server permissions file permissions.yml is empty, ignoring it
[03:58:39] [Server thread/WARN]: **** SERVER IS RUNNING IN OFFLINE/INSECURE MODE!
[03:58:39] [Server thread/WARN]: The server will make no attempt to authenticate usernames. Beware.
[03:58:39] [Server thread/WARN]: While this makes the game possible to play without internet access, it also opens up the ability for hackers to connect with any username they choose.
[03:58:39] [Server thread/WARN]: To change this, set "online-mode" to "true" in the server.properties file.
[03:58:39] [Server thread/INFO]: Preparing level "world"
[03:58:40] [Server thread/INFO]: Preparing start region for dimension minecraft:overworld
[03:58:40] [Server thread/INFO]: Time elapsed: 303 ms
[03:58:40] [Server thread/INFO]: Preparing start region for dimension minecraft:the_nether
[03:58:40] [Server thread/INFO]: Time elapsed: 146 ms
[03:58:40] [Server thread/INFO]: Preparing start region for dimension minecraft:the_end
[03:58:40] [Server thread/INFO]: Time elapsed: 72 ms
[03:58:40] [Server thread/INFO]: Running delayed init tasks
[03:58:40] [Server thread/INFO]: Done (2.763s)! For help, type "help"
[03:58:40] [Server thread/INFO]: Timings Reset
[03:59:17] [Server thread/INFO]: Stopping the server
[03:59:17] [Server thread/INFO]: Stopping server
[03:59:17] [Server thread/INFO]: Saving players
[03:59:17] [Server thread/INFO]: Saving worlds
[03:59:17] [Server thread/INFO]: Saving chunks for level 'ServerLevel[world]'/minecraft:overworld
[03:59:17] [Server thread/INFO]: [ChunkHolderManager] Waiting 60s for chunk system to halt for world 'world'
[03:59:17] [Server thread/INFO]: [ChunkHolderManager] Halted chunk system for world 'world'
[03:59:17] [Server thread/INFO]: [ChunkHolderManager] Saving all chunkholders for world 'world'
[03:59:18] [Server thread/INFO]: [ChunkHolderManager] Saved 529 block chunks, 529 entity chunks, 0 poi chunks in world 'world' in 0.97s
[03:59:18] [Server thread/INFO]: ThreadedAnvilChunkStorage (world): All chunks are saved
[03:59:18] [Server thread/INFO]: Saving chunks for level 'ServerLevel[world_nether]'/minecraft:the_nether
[03:59:18] [Server thread/INFO]: [ChunkHolderManager] Waiting 60s for chunk system to halt for world 'world_nether'
[03:59:18] [Server thread/INFO]: [ChunkHolderManager] Halted chunk system for world 'world_nether'
[03:59:18] [Server thread/INFO]: [ChunkHolderManager] Saving all chunkholders for world 'world_nether'
[03:59:19] [Server thread/INFO]: [ChunkHolderManager] Saved 529 block chunks, 529 entity chunks, 0 poi chunks in world 'world_nether' in 0.56s
[03:59:19] [Server thread/INFO]: ThreadedAnvilChunkStorage (DIM-1): All chunks are saved
[03:59:19] [Server thread/INFO]: Saving chunks for level 'ServerLevel[world_the_end]'/minecraft:the_end
[03:59:19] [Server thread/INFO]: [ChunkHolderManager] Waiting 60s for chunk system to halt for world 'world_the_end'
[03:59:19] [Server thread/INFO]: [ChunkHolderManager] Halted chunk system for world 'world_the_end'
[03:59:19] [Server thread/INFO]: [ChunkHolderManager] Saving all chunkholders for world 'world_the_end'
[03:59:19] [Server thread/INFO]: [ChunkHolderManager] Saved 529 block chunks, 529 entity chunks, 0 poi chunks in world 'world_the_end' in 0.12s
[03:59:19] [Server thread/INFO]: ThreadedAnvilChunkStorage (DIM1): All chunks are saved
[03:59:19] [Server thread/INFO]: ThreadedAnvilChunkStorage: All dimensions are saved
[03:59:19] [Server thread/INFO]: Flushing Chunk IO
[03:59:19] [Server thread/INFO]: Closing Thread Pool
[03:59:19] [Server thread/INFO]: Closing Server
