[06:08:54] [ServerMain/INFO]: Environment: authHost='https://authserver.mojang.com', accountsHost='https://api.mojang.com', sessionHost='https://sessionserver.mojang.com', servicesHost='https://api.minecraftservices.com', name='PROD'
[06:08:56] [ServerMain/INFO]: Loaded 7 recipes
[06:08:57] [Server thread/INFO]: Starting minecraft server version 1.20.1
[06:08:57] [Server thread/INFO]: Loading properties
[06:08:57] [Server thread/INFO]: This server is running Paper version git-Paper-196 (MC: 1.20.1) (Implementing API version 1.20.1-R0.1-SNAPSHOT) (Git: 773dd72)
[06:08:57] [Server thread/INFO]: Server Ping Player Sample Count: 12
[06:08:57] [Server thread/INFO]: Using 4 threads for Netty based IO
[06:08:58] [Server thread/WARN]: [!] The timings profiler has been enabled but has been scheduled for removal from Paper in the future.
    We recommend installing the spark profiler as a replacement: https://spark.lucko.me/
    For more information please visit: https://github.com/PaperMC/Paper/issues/8948
[06:08:58] [Server thread/INFO]: [ChunkTaskScheduler] Chunk system is using 1 I/O threads, 1 worker threads, and gen parallelism of 1 threads
[06:08:58] [Server thread/INFO]: Default game type: SURVIVAL
[06:08:58] [Server thread/INFO]: Generating keypair
[06:08:58] [Server thread/INFO]: Starting Minecraft server on *:25565
[06:08:58] [Server thread/INFO]: Using epoll channel type
[06:08:58] [Server thread/INFO]: Paper: Using libdeflate (Linux x86_64) compression from Velocity.
[06:08:58] [Server thread/INFO]: Paper: Using OpenSSL 1.1.x (Linux x86_64) cipher from Velocity.
[06:08:58] [Server thread/INFO]: [PlaceholderAPI] Loading server plugin PlaceholderAPI v2.11.6
[06:08:58] [Server thread/INFO]: [TAB] Loading server plugin TAB v4.1.5
[06:08:58] [Server thread/INFO]: Server permissions file permissions.yml is empty, ignoring it
[06:08:58] [Server thread/WARN]: **** SERVER IS RUNNING IN OFFLINE/INSECURE MODE!
[06:08:58] [Server thread/WARN]: The server will make no attempt to authenticate usernames. Beware.
[06:08:58] [Server thread/WARN]: Whilst this makes it possible to use BungeeCord, unless access to your server is properly restricted, it also opens up the ability for hackers to connect with any username they choose.
[06:08:58] [Server thread/WARN]: Please see http://www.spigotmc.org/wiki/firewall-guide/ for further information.
[06:08:58] [Server thread/WARN]: To change this, set "online-mode" to "true" in the server.properties file.
[06:08:58] [Server thread/INFO]: Preparing level "world"
[06:08:59] [Server thread/INFO]: Preparing start region for dimension minecraft:overworld
[06:08:59] [Server thread/INFO]: Time elapsed: 346 ms
[06:08:59] [Server thread/INFO]: Preparing start region for dimension minecraft:the_nether
[06:08:59] [Server thread/INFO]: Time elapsed: 77 ms
[06:08:59] [Server thread/INFO]: Preparing start region for dimension minecraft:the_end
[06:08:59] [Server thread/INFO]: Time elapsed: 61 ms
[06:08:59] [Server thread/INFO]: [PlaceholderAPI] Enabling PlaceholderAPI v2.11.6
[06:09:00] [Server thread/INFO]: [PlaceholderAPI] Fetching available expansion information...
[06:09:00] [Server thread/INFO]: [TAB] Enabling TAB v4.1.5
[06:09:00] [Server thread/INFO]: [TAB] Loaded NMS hook in 224ms
[06:09:01] [Server thread/INFO]: [TAB] Enabled in 333ms
[06:09:01] [Server thread/INFO]: [PlaceholderAPI] Placeholder expansion registration initializing...
[06:09:01] [Server thread/INFO]: Running delayed init tasks
[06:09:01] [Server thread/INFO]: Done (4.472s)! For help, type "help"
[06:09:01] [Server thread/INFO]: Timings Reset
[06:09:01] [Server thread/INFO]: [PlaceholderAPI] Successfully registered external expansion: server [2.7.2]
[06:09:01] [Server thread/INFO]: 1 placeholder hook(s) registered!
[06:09:38] [Server thread/INFO]: /127.18.212.134:39215 lost connection: If you wish to use IP forwarding, please enable it in your BungeeCord config as well!
[06:16:22] [Server thread/INFO]: Stopping the server
[06:16:22] [Server thread/INFO]: Stopping server
[06:16:22] [Server thread/INFO]: [TAB] Disabling TAB v4.1.5
[06:16:22] [Server thread/INFO]: [TAB] Disabled in 0ms
[06:16:22] [Server thread/INFO]: [PlaceholderAPI] Disabling PlaceholderAPI v2.11.6
[06:16:22] [Server thread/INFO]: Saving players
[06:16:22] [Server thread/INFO]: Saving worlds
[06:16:22] [Server thread/INFO]: Saving chunks for level 'ServerLevel[world]'/minecraft:overworld
[06:16:22] [Server thread/INFO]: [ChunkHolderManager] Waiting 60s for chunk system to halt for world 'world'
[06:16:22] [Server thread/INFO]: [ChunkHolderManager] Halted chunk system for world 'world'
[06:16:22] [Server thread/INFO]: [ChunkHolderManager] Saving all chunkholders for world 'world'
[06:16:22] [Server thread/INFO]: [ChunkHolderManager] Saved 0 block chunks, 95 entity chunks, 0 poi chunks in world 'world' in 0.02s
[06:16:22] [Server thread/INFO]: ThreadedAnvilChunkStorage (world): All chunks are saved
[06:16:22] [Server thread/INFO]: Saving chunks for level 'ServerLevel[world_nether]'/minecraft:the_nether
[06:16:22] [Server thread/INFO]: [ChunkHolderManager] Waiting 60s for chunk system to halt for world 'world_nether'
[06:16:22] [Server thread/INFO]: [ChunkHolderManager] Halted chunk system for world 'world_nether'
[06:16:22] [Server thread/INFO]: [ChunkHolderManager] Saving all chunkholders for world 'world_nether'
[06:16:22] [Server thread/INFO]: [ChunkHolderManager] Saved 0 block chunks, 16 entity chunks, 0 poi chunks in world 'world_nether' in 0.01s
[06:16:22] [Server thread/INFO]: ThreadedAnvilChunkStorage (DIM-1): All chunks are saved
[06:16:22] [Server thread/INFO]: Saving chunks for level 'ServerLevel[world_the_end]'/minecraft:the_end
[06:16:22] [Server thread/INFO]: [ChunkHolderManager] Waiting 60s for chunk system to halt for world 'world_the_end'
[06:16:22] [Server thread/INFO]: [ChunkHolderManager] Halted chunk system for world 'world_the_end'
[06:16:22] [Server thread/INFO]: [ChunkHolderManager] Saving all chunkholders for world 'world_the_end'
[06:16:22] [Server thread/INFO]: [ChunkHolderManager] Saved 10 block chunks, 10 entity chunks, 0 poi chunks in world 'world_the_end' in 0.01s
[06:16:22] [Server thread/INFO]: ThreadedAnvilChunkStorage (DIM1): All chunks are saved
[06:16:22] [Server thread/INFO]: ThreadedAnvilChunkStorage: All dimensions are saved
[06:16:22] [Server thread/INFO]: Flushing Chunk IO
[06:16:22] [Server thread/INFO]: Closing Thread Pool
[06:16:22] [Server thread/INFO]: Closing Server
